05/10/2015 10:26:43	This log contains information about the import schema operation into project 'Database' on computer 'PC147' by user 'brendan.caylor'.
05/10/2015 10:26:43	Import of database schema has started.
05/10/2015 10:26:46	Gathering database options
05/10/2015 10:26:46	Gathering users
05/10/2015 10:26:46	Gathering roles
05/10/2015 10:26:46	Gathering application roles
05/10/2015 10:26:46	Gathering role memberships
05/10/2015 10:26:46	Gathering filegroups
05/10/2015 10:26:46	Gathering full-text catalogs
05/10/2015 10:26:46	Gathering assemblies
05/10/2015 10:26:46	Gathering certificates
05/10/2015 10:26:46	Gathering asymmetric keys
05/10/2015 10:26:46	Gathering symmetric keys
05/10/2015 10:26:46	Gathering encrypted symmetric keys
05/10/2015 10:26:46	Gathering schemas
05/10/2015 10:26:46	Gathering XML schema collections
05/10/2015 10:26:46	Gathering user-defined data types
05/10/2015 10:26:46	Gathering user-defined types
05/10/2015 10:26:46	Gathering table types
05/10/2015 10:26:46	Gathering unique keys for table types
05/10/2015 10:26:46	Gathering primary keys for table types
05/10/2015 10:26:46	Gathering check constraints for table types
05/10/2015 10:26:46	Gathering default constraints for table types
05/10/2015 10:26:46	Gathering partition functions
05/10/2015 10:26:46	Gathering partition schemes
05/10/2015 10:26:46	Gathering functions
05/10/2015 10:26:46	Gathering encrypted functions
05/10/2015 10:26:46	Gathering aggregates
05/10/2015 10:26:46	Gathering procedures
05/10/2015 10:26:46	Gathering encrypted procedures
05/10/2015 10:26:46	Gathering tables
05/10/2015 10:26:46	Gathering primary keys
05/10/2015 10:26:46	Gathering unique constraints
05/10/2015 10:26:46	Gathering foreign keys
05/10/2015 10:26:46	Gathering default constraints
05/10/2015 10:26:46	Gathering check constraints
05/10/2015 10:26:46	Gathering views
05/10/2015 10:26:46	Gathering encrypted views
05/10/2015 10:26:46	Gathering indexes
05/10/2015 10:26:46	Gathering statistics
05/10/2015 10:26:46	Gathering full-text index stoplists
05/10/2015 10:26:46	Gathering search property lists
05/10/2015 10:26:46	Gathering search properties
05/10/2015 10:26:46	Gathering full-text indexes
05/10/2015 10:26:46	Gathering column store indexes
05/10/2015 10:26:46	Gathering spatial indexes
05/10/2015 10:26:46	Gathering XML indexes
05/10/2015 10:26:46	Gathering Selective XML indexes
05/10/2015 10:26:46	Gathering encrypted triggers
05/10/2015 10:26:46	Gathering triggers
05/10/2015 10:26:46	Gathering encrypted and clr ddl triggers
05/10/2015 10:26:46	Gathering ddl triggers
05/10/2015 10:26:46	Gathering synonyms
05/10/2015 10:26:46	Gathering defaults
05/10/2015 10:26:46	Gathering data constraint uddt bindings
05/10/2015 10:26:46	Gathering rules
05/10/2015 10:26:46	Gathering data constraint uddt bindings
05/10/2015 10:26:46	Gathering message types
05/10/2015 10:26:46	Gathering queues
05/10/2015 10:26:46	Gathering contracts
05/10/2015 10:26:46	Gathering services
05/10/2015 10:26:46	Gathering event notifications
05/10/2015 10:26:46	Gathering remote service bindings
05/10/2015 10:26:46	Gathering broker priorities
05/10/2015 10:26:46	Gathering signatures
05/10/2015 10:26:46	Gathering data compression options
05/10/2015 10:26:46	Gathering sequence types
05/10/2015 10:26:46	Gathering extended properties
05/10/2015 10:26:46	Gathering credentials
05/10/2015 10:26:46	Gathering logins
05/10/2015 10:26:46	Gathering server audits
05/10/2015 10:26:47	Scanning project for duplicate elements
05/10/2015 10:26:47	Finished duplicate element processing
05/10/2015 10:26:47	Finished importing database.
05/10/2015 10:26:47	A summary of the import was saved to the following location: C:\BrensDevFiles\___________PhotoShare\PhotoShare\Database\Import Schema Logs\Database_20151005092643.log
05/10/2015 10:26:47	Click Finish to continue...
